2019-09-04 15:51:18 com.alibaba.druid.pool.DruidDataSource.init(DruidDataSource.java:1002) DruidDataSource.java INFO {dataSource-1} inited
2019-09-04 15:51:18 com.alibaba.druid.pool.PreparedStatementPool.put(PreparedStatementPool.java:129) PreparedStatementPool.java DEBUG {conn-10001, pstmt-20000} enter cache
2019-09-04 15:51:18 com.alibaba.druid.pool.DruidDataSource.close(DruidDataSource.java:1885) DruidDataSource.java INFO {dataSource-1} closing ...
2019-09-04 15:51:18 com.alibaba.druid.pool.PreparedStatementPool.closeRemovedStatement(PreparedStatementPool.java:160) PreparedStatementPool.java DEBUG {conn-10001, pstmt-20000} exit cache
2019-09-04 15:51:18 com.alibaba.druid.pool.DruidDataSource.close(DruidDataSource.java:1955) DruidDataSource.java INFO {dataSource-1} closed
2019-09-04 15:51:35 com.alibaba.druid.pool.DruidDataSource.init(DruidDataSource.java:1002) DruidDataSource.java INFO {dataSource-1} inited
2019-09-04 15:51:35 com.alibaba.druid.pool.PreparedStatementPool.put(PreparedStatementPool.java:129) PreparedStatementPool.java DEBUG {conn-10001, pstmt-20000} enter cache
2019-09-04 15:51:35 com.alibaba.druid.pool.DruidDataSource.close(DruidDataSource.java:1885) DruidDataSource.java INFO {dataSource-1} closing ...
2019-09-04 15:51:35 com.alibaba.druid.pool.PreparedStatementPool.closeRemovedStatement(PreparedStatementPool.java:160) PreparedStatementPool.java DEBUG {conn-10001, pstmt-20000} exit cache
2019-09-04 15:51:35 com.alibaba.druid.pool.DruidDataSource.close(DruidDataSource.java:1955) DruidDataSource.java INFO {dataSource-1} closed
2019-09-04 16:00:51 com.alibaba.druid.pool.DruidDataSource.init(DruidDataSource.java:1002) DruidDataSource.java INFO {dataSource-1} inited
2019-09-04 16:00:51 com.alibaba.druid.pool.PreparedStatementPool.put(PreparedStatementPool.java:129) PreparedStatementPool.java DEBUG {conn-10001, pstmt-20000} enter cache
2019-09-04 16:00:51 com.alibaba.druid.pool.DruidDataSource.close(DruidDataSource.java:1885) DruidDataSource.java INFO {dataSource-1} closing ...
2019-09-04 16:00:51 com.alibaba.druid.pool.PreparedStatementPool.closeRemovedStatement(PreparedStatementPool.java:160) PreparedStatementPool.java DEBUG {conn-10001, pstmt-20000} exit cache
2019-09-04 16:00:51 com.alibaba.druid.pool.DruidDataSource.close(DruidDataSource.java:1955) DruidDataSource.java INFO {dataSource-1} closed
2019-09-09 11:01:36 com.alibaba.druid.pool.DruidDataSource.init(DruidDataSource.java:1002) DruidDataSource.java INFO {dataSource-1} inited
2019-09-09 11:01:37 com.alibaba.druid.pool.DruidDataSource.close(DruidDataSource.java:1885) DruidDataSource.java INFO {dataSource-1} closing ...
2019-09-09 11:01:37 com.alibaba.druid.pool.DruidDataSource.close(DruidDataSource.java:1955) DruidDataSource.java INFO {dataSource-1} closed
2019-09-09 11:02:44 com.alibaba.druid.pool.DruidDataSource.init(DruidDataSource.java:1002) DruidDataSource.java INFO {dataSource-1} inited
2019-09-09 11:02:44 com.alibaba.druid.pool.DruidDataSource.close(DruidDataSource.java:1885) DruidDataSource.java INFO {dataSource-1} closing ...
2019-09-09 11:02:44 com.alibaba.druid.pool.DruidDataSource.close(DruidDataSource.java:1955) DruidDataSource.java INFO {dataSource-1} closed
2019-09-09 11:03:33 com.alibaba.druid.pool.DruidDataSource.init(DruidDataSource.java:1002) DruidDataSource.java INFO {dataSource-1} inited
2019-09-09 11:03:34 com.alibaba.druid.pool.DruidDataSource.close(DruidDataSource.java:1885) DruidDataSource.java INFO {dataSource-1} closing ...
2019-09-09 11:03:34 com.alibaba.druid.pool.DruidDataSource.close(DruidDataSource.java:1955) DruidDataSource.java INFO {dataSource-1} closed
2019-09-09 11:05:50 com.alibaba.druid.pool.DruidDataSource.init(DruidDataSource.java:1002) DruidDataSource.java INFO {dataSource-1} inited
2019-09-09 11:05:50 com.alibaba.druid.pool.DruidDataSource.close(DruidDataSource.java:1885) DruidDataSource.java INFO {dataSource-1} closing ...
2019-09-09 11:05:50 com.alibaba.druid.pool.DruidDataSource.close(DruidDataSource.java:1955) DruidDataSource.java INFO {dataSource-1} closed
2019-09-09 11:06:45 com.alibaba.druid.pool.DruidDataSource.init(DruidDataSource.java:1002) DruidDataSource.java INFO {dataSource-1} inited
2019-09-09 11:06:46 com.alibaba.druid.pool.PreparedStatementPool.put(PreparedStatementPool.java:129) PreparedStatementPool.java DEBUG {conn-10001, pstmt-20000} enter cache
2019-09-09 11:06:46 com.alibaba.druid.pool.DruidDataSource.close(DruidDataSource.java:1885) DruidDataSource.java INFO {dataSource-1} closing ...
2019-09-09 11:06:46 com.alibaba.druid.pool.PreparedStatementPool.closeRemovedStatement(PreparedStatementPool.java:160) PreparedStatementPool.java DEBUG {conn-10001, pstmt-20000} exit cache
2019-09-09 11:06:46 com.alibaba.druid.pool.DruidDataSource.close(DruidDataSource.java:1955) DruidDataSource.java INFO {dataSource-1} closed
2019-09-09 11:14:05 com.alibaba.druid.pool.DruidDataSource.init(DruidDataSource.java:1002) DruidDataSource.java INFO {dataSource-1} inited
2019-09-09 11:14:05 com.alibaba.druid.pool.DruidDataSource.close(DruidDataSource.java:1885) DruidDataSource.java INFO {dataSource-1} closing ...
2019-09-09 11:14:05 com.alibaba.druid.pool.DruidDataSource.close(DruidDataSource.java:1955) DruidDataSource.java INFO {dataSource-1} closed
2019-09-09 11:14:58 com.alibaba.druid.pool.DruidDataSource.init(DruidDataSource.java:1002) DruidDataSource.java INFO {dataSource-1} inited
2019-09-09 11:14:58 com.alibaba.druid.pool.DruidDataSource.close(DruidDataSource.java:1885) DruidDataSource.java INFO {dataSource-1} closing ...
2019-09-09 11:14:58 com.alibaba.druid.pool.DruidDataSource.close(DruidDataSource.java:1955) DruidDataSource.java INFO {dataSource-1} closed
2019-09-09 11:15:10 com.alibaba.druid.pool.DruidDataSource.init(DruidDataSource.java:1002) DruidDataSource.java INFO {dataSource-1} inited
2019-09-09 11:15:10 com.alibaba.druid.pool.DruidDataSource.close(DruidDataSource.java:1885) DruidDataSource.java INFO {dataSource-1} closing ...
2019-09-09 11:15:10 com.alibaba.druid.pool.DruidDataSource.close(DruidDataSource.java:1955) DruidDataSource.java INFO {dataSource-1} closed
2019-09-09 11:16:07 com.alibaba.druid.pool.DruidDataSource.init(DruidDataSource.java:1002) DruidDataSource.java INFO {dataSource-1} inited
2019-09-09 11:16:07 com.alibaba.druid.pool.DruidDataSource.close(DruidDataSource.java:1885) DruidDataSource.java INFO {dataSource-1} closing ...
2019-09-09 11:16:07 com.alibaba.druid.pool.DruidDataSource.close(DruidDataSource.java:1955) DruidDataSource.java INFO {dataSource-1} closed
2019-09-09 11:16:38 com.alibaba.druid.pool.DruidDataSource.init(DruidDataSource.java:1002) DruidDataSource.java INFO {dataSource-1} inited
2019-09-09 11:16:39 com.alibaba.druid.pool.DruidDataSource.close(DruidDataSource.java:1885) DruidDataSource.java INFO {dataSource-1} closing ...
2019-09-09 11:16:39 com.alibaba.druid.pool.DruidDataSource.close(DruidDataSource.java:1955) DruidDataSource.java INFO {dataSource-1} closed
2019-09-09 11:17:38 com.alibaba.druid.pool.DruidDataSource.init(DruidDataSource.java:1002) DruidDataSource.java INFO {dataSource-1} inited
2019-09-09 11:17:39 com.alibaba.druid.pool.DruidDataSource.close(DruidDataSource.java:1885) DruidDataSource.java INFO {dataSource-1} closing ...
2019-09-09 11:17:39 com.alibaba.druid.pool.DruidDataSource.close(DruidDataSource.java:1955) DruidDataSource.java INFO {dataSource-1} closed
2019-09-09 11:22:30 com.alibaba.druid.pool.DruidDataSource.init(DruidDataSource.java:1002) DruidDataSource.java INFO {dataSource-1} inited
2019-09-09 11:22:30 com.alibaba.druid.pool.DruidDataSource.close(DruidDataSource.java:1885) DruidDataSource.java INFO {dataSource-1} closing ...
2019-09-09 11:22:30 com.alibaba.druid.pool.DruidDataSource.close(DruidDataSource.java:1955) DruidDataSource.java INFO {dataSource-1} closed
2019-09-09 11:23:22 com.alibaba.druid.pool.DruidDataSource.init(DruidDataSource.java:1002) DruidDataSource.java INFO {dataSource-1} inited
2019-09-09 11:23:23 com.alibaba.druid.pool.DruidDataSource.close(DruidDataSource.java:1885) DruidDataSource.java INFO {dataSource-1} closing ...
2019-09-09 11:23:23 com.alibaba.druid.pool.DruidDataSource.close(DruidDataSource.java:1955) DruidDataSource.java INFO {dataSource-1} closed
2019-09-09 11:23:53 com.alibaba.druid.pool.DruidDataSource.init(DruidDataSource.java:1002) DruidDataSource.java INFO {dataSource-1} inited
2019-09-09 11:23:54 com.alibaba.druid.pool.DruidDataSource.close(DruidDataSource.java:1885) DruidDataSource.java INFO {dataSource-1} closing ...
2019-09-09 11:23:54 com.alibaba.druid.pool.DruidDataSource.close(DruidDataSource.java:1955) DruidDataSource.java INFO {dataSource-1} closed
2019-09-09 11:24:46 com.alibaba.druid.pool.DruidDataSource.init(DruidDataSource.java:1002) DruidDataSource.java INFO {dataSource-1} inited
2019-09-09 11:24:46 com.alibaba.druid.pool.DruidDataSource.close(DruidDataSource.java:1885) DruidDataSource.java INFO {dataSource-1} closing ...
2019-09-09 11:24:46 com.alibaba.druid.pool.DruidDataSource.close(DruidDataSource.java:1955) DruidDataSource.java INFO {dataSource-1} closed
2019-09-09 11:25:52 com.alibaba.druid.pool.DruidDataSource.init(DruidDataSource.java:1002) DruidDataSource.java INFO {dataSource-1} inited
2019-09-09 11:25:53 com.alibaba.druid.pool.DruidDataSource.close(DruidDataSource.java:1885) DruidDataSource.java INFO {dataSource-1} closing ...
2019-09-09 11:25:53 com.alibaba.druid.pool.DruidDataSource.close(DruidDataSource.java:1955) DruidDataSource.java INFO {dataSource-1} closed
2019-09-09 11:26:31 com.alibaba.druid.pool.DruidDataSource.init(DruidDataSource.java:1002) DruidDataSource.java INFO {dataSource-1} inited
2019-09-09 11:26:32 com.alibaba.druid.pool.PreparedStatementPool.put(PreparedStatementPool.java:129) PreparedStatementPool.java DEBUG {conn-10001, pstmt-20000} enter cache
2019-09-09 11:26:32 com.alibaba.druid.pool.PreparedStatementPool.put(PreparedStatementPool.java:129) PreparedStatementPool.java DEBUG {conn-10001, pstmt-20001} enter cache
2019-09-09 11:26:32 com.alibaba.druid.pool.PreparedStatementPool.put(PreparedStatementPool.java:129) PreparedStatementPool.java DEBUG {conn-10001, pstmt-20002} enter cache
2019-09-09 11:26:32 com.alibaba.druid.pool.PreparedStatementPool.put(PreparedStatementPool.java:129) PreparedStatementPool.java DEBUG {conn-10001, pstmt-20003} enter cache
2019-09-09 11:26:32 com.alibaba.druid.pool.DruidDataSource.close(DruidDataSource.java:1885) DruidDataSource.java INFO {dataSource-1} closing ...
2019-09-09 11:26:32 com.alibaba.druid.pool.PreparedStatementPool.closeRemovedStatement(PreparedStatementPool.java:160) PreparedStatementPool.java DEBUG {conn-10001, pstmt-20000} exit cache
2019-09-09 11:26:32 com.alibaba.druid.pool.PreparedStatementPool.closeRemovedStatement(PreparedStatementPool.java:160) PreparedStatementPool.java DEBUG {conn-10001, pstmt-20001} exit cache
2019-09-09 11:26:32 com.alibaba.druid.pool.PreparedStatementPool.closeRemovedStatement(PreparedStatementPool.java:160) PreparedStatementPool.java DEBUG {conn-10001, pstmt-20002} exit cache
2019-09-09 11:26:32 com.alibaba.druid.pool.PreparedStatementPool.closeRemovedStatement(PreparedStatementPool.java:160) PreparedStatementPool.java DEBUG {conn-10001, pstmt-20003} exit cache
2019-09-09 11:26:32 com.alibaba.druid.pool.DruidDataSource.close(DruidDataSource.java:1955) DruidDataSource.java INFO {dataSource-1} closed
2019-09-09 11:27:26 com.alibaba.druid.pool.DruidDataSource.init(DruidDataSource.java:1002) DruidDataSource.java INFO {dataSource-1} inited
2019-09-09 11:27:27 com.alibaba.druid.pool.PreparedStatementPool.put(PreparedStatementPool.java:129) PreparedStatementPool.java DEBUG {conn-10001, pstmt-20000} enter cache
2019-09-09 11:27:27 com.alibaba.druid.pool.PreparedStatementPool.put(PreparedStatementPool.java:129) PreparedStatementPool.java DEBUG {conn-10001, pstmt-20001} enter cache
2019-09-09 11:27:27 com.alibaba.druid.pool.PreparedStatementPool.put(PreparedStatementPool.java:129) PreparedStatementPool.java DEBUG {conn-10001, pstmt-20002} enter cache
2019-09-09 11:27:27 com.alibaba.druid.pool.PreparedStatementPool.put(PreparedStatementPool.java:129) PreparedStatementPool.java DEBUG {conn-10001, pstmt-20003} enter cache
2019-09-09 11:27:27 com.alibaba.druid.pool.DruidDataSource.close(DruidDataSource.java:1885) DruidDataSource.java INFO {dataSource-1} closing ...
2019-09-09 11:27:27 com.alibaba.druid.pool.PreparedStatementPool.closeRemovedStatement(PreparedStatementPool.java:160) PreparedStatementPool.java DEBUG {conn-10001, pstmt-20000} exit cache
2019-09-09 11:27:27 com.alibaba.druid.pool.PreparedStatementPool.closeRemovedStatement(PreparedStatementPool.java:160) PreparedStatementPool.java DEBUG {conn-10001, pstmt-20001} exit cache
2019-09-09 11:27:27 com.alibaba.druid.pool.PreparedStatementPool.closeRemovedStatement(PreparedStatementPool.java:160) PreparedStatementPool.java DEBUG {conn-10001, pstmt-20002} exit cache
2019-09-09 11:27:27 com.alibaba.druid.pool.PreparedStatementPool.closeRemovedStatement(PreparedStatementPool.java:160) PreparedStatementPool.java DEBUG {conn-10001, pstmt-20003} exit cache
2019-09-09 11:27:27 com.alibaba.druid.pool.DruidDataSource.close(DruidDataSource.java:1955) DruidDataSource.java INFO {dataSource-1} closed
2019-09-09 11:35:58 com.alibaba.druid.pool.DruidDataSource.init(DruidDataSource.java:1002) DruidDataSource.java INFO {dataSource-1} inited
2019-09-09 11:35:59 com.alibaba.druid.pool.PreparedStatementPool.put(PreparedStatementPool.java:129) PreparedStatementPool.java DEBUG {conn-10001, pstmt-20000} enter cache
2019-09-09 11:35:59 com.alibaba.druid.pool.PreparedStatementPool.put(PreparedStatementPool.java:129) PreparedStatementPool.java DEBUG {conn-10001, pstmt-20001} enter cache
2019-09-09 11:35:59 com.alibaba.druid.pool.PreparedStatementPool.put(PreparedStatementPool.java:129) PreparedStatementPool.java DEBUG {conn-10001, pstmt-20002} enter cache
2019-09-09 11:35:59 com.alibaba.druid.pool.PreparedStatementPool.put(PreparedStatementPool.java:129) PreparedStatementPool.java DEBUG {conn-10001, pstmt-20003} enter cache
2019-09-09 11:35:59 com.alibaba.druid.pool.DruidDataSource.close(DruidDataSource.java:1885) DruidDataSource.java INFO {dataSource-1} closing ...
2019-09-09 11:35:59 com.alibaba.druid.pool.PreparedStatementPool.closeRemovedStatement(PreparedStatementPool.java:160) PreparedStatementPool.java DEBUG {conn-10001, pstmt-20000} exit cache
2019-09-09 11:35:59 com.alibaba.druid.pool.PreparedStatementPool.closeRemovedStatement(PreparedStatementPool.java:160) PreparedStatementPool.java DEBUG {conn-10001, pstmt-20001} exit cache
2019-09-09 11:35:59 com.alibaba.druid.pool.PreparedStatementPool.closeRemovedStatement(PreparedStatementPool.java:160) PreparedStatementPool.java DEBUG {conn-10001, pstmt-20002} exit cache
2019-09-09 11:35:59 com.alibaba.druid.pool.PreparedStatementPool.closeRemovedStatement(PreparedStatementPool.java:160) PreparedStatementPool.java DEBUG {conn-10001, pstmt-20003} exit cache
2019-09-09 11:35:59 com.alibaba.druid.pool.DruidDataSource.close(DruidDataSource.java:1955) DruidDataSource.java INFO {dataSource-1} closed
2019-09-09 11:41:03 com.alibaba.druid.pool.DruidDataSource.init(DruidDataSource.java:1002) DruidDataSource.java INFO {dataSource-1} inited
2019-09-09 11:41:04 com.alibaba.druid.pool.PreparedStatementPool.put(PreparedStatementPool.java:129) PreparedStatementPool.java DEBUG {conn-10001, pstmt-20000} enter cache
2019-09-09 11:41:04 com.alibaba.druid.pool.PreparedStatementPool.put(PreparedStatementPool.java:129) PreparedStatementPool.java DEBUG {conn-10001, pstmt-20001} enter cache
2019-09-09 11:41:04 com.alibaba.druid.pool.PreparedStatementPool.put(PreparedStatementPool.java:129) PreparedStatementPool.java DEBUG {conn-10001, pstmt-20002} enter cache
2019-09-09 11:41:04 com.alibaba.druid.pool.PreparedStatementPool.put(PreparedStatementPool.java:129) PreparedStatementPool.java DEBUG {conn-10001, pstmt-20003} enter cache
2019-09-09 11:41:04 com.alibaba.druid.pool.DruidDataSource.close(DruidDataSource.java:1885) DruidDataSource.java INFO {dataSource-1} closing ...
2019-09-09 11:41:04 com.alibaba.druid.pool.PreparedStatementPool.closeRemovedStatement(PreparedStatementPool.java:160) PreparedStatementPool.java DEBUG {conn-10001, pstmt-20000} exit cache
2019-09-09 11:41:04 com.alibaba.druid.pool.PreparedStatementPool.closeRemovedStatement(PreparedStatementPool.java:160) PreparedStatementPool.java DEBUG {conn-10001, pstmt-20001} exit cache
2019-09-09 11:41:04 com.alibaba.druid.pool.PreparedStatementPool.closeRemovedStatement(PreparedStatementPool.java:160) PreparedStatementPool.java DEBUG {conn-10001, pstmt-20002} exit cache
2019-09-09 11:41:04 com.alibaba.druid.pool.PreparedStatementPool.closeRemovedStatement(PreparedStatementPool.java:160) PreparedStatementPool.java DEBUG {conn-10001, pstmt-20003} exit cache
2019-09-09 11:41:04 com.alibaba.druid.pool.DruidDataSource.close(DruidDataSource.java:1955) DruidDataSource.java INFO {dataSource-1} closed
2019-09-09 11:50:44 com.alibaba.druid.pool.DruidDataSource.init(DruidDataSource.java:1002) DruidDataSource.java INFO {dataSource-1} inited
2019-09-09 11:50:45 com.alibaba.druid.pool.PreparedStatementPool.put(PreparedStatementPool.java:129) PreparedStatementPool.java DEBUG {conn-10001, pstmt-20000} enter cache
2019-09-09 11:50:45 com.alibaba.druid.pool.DruidDataSource.close(DruidDataSource.java:1885) DruidDataSource.java INFO {dataSource-1} closing ...
2019-09-09 11:50:45 com.alibaba.druid.pool.PreparedStatementPool.closeRemovedStatement(PreparedStatementPool.java:160) PreparedStatementPool.java DEBUG {conn-10001, pstmt-20000} exit cache
2019-09-09 11:50:45 com.alibaba.druid.pool.DruidDataSource.close(DruidDataSource.java:1955) DruidDataSource.java INFO {dataSource-1} closed
2019-09-09 11:51:32 com.alibaba.druid.pool.DruidDataSource.init(DruidDataSource.java:1002) DruidDataSource.java INFO {dataSource-1} inited
2019-09-09 11:51:33 com.alibaba.druid.pool.PreparedStatementPool.put(PreparedStatementPool.java:129) PreparedStatementPool.java DEBUG {conn-10001, pstmt-20000} enter cache
2019-09-09 11:51:33 com.alibaba.druid.pool.DruidDataSource.close(DruidDataSource.java:1885) DruidDataSource.java INFO {dataSource-1} closing ...
2019-09-09 11:51:33 com.alibaba.druid.pool.PreparedStatementPool.closeRemovedStatement(PreparedStatementPool.java:160) PreparedStatementPool.java DEBUG {conn-10001, pstmt-20000} exit cache
2019-09-09 11:51:33 com.alibaba.druid.pool.DruidDataSource.close(DruidDataSource.java:1955) DruidDataSource.java INFO {dataSource-1} closed
2019-09-09 11:51:56 com.alibaba.druid.pool.DruidDataSource.init(DruidDataSource.java:1002) DruidDataSource.java INFO {dataSource-1} inited
2019-09-09 11:51:57 com.alibaba.druid.pool.PreparedStatementPool.put(PreparedStatementPool.java:129) PreparedStatementPool.java DEBUG {conn-10001, pstmt-20000} enter cache
2019-09-09 11:51:57 com.alibaba.druid.pool.DruidDataSource.close(DruidDataSource.java:1885) DruidDataSource.java INFO {dataSource-1} closing ...
2019-09-09 11:51:57 com.alibaba.druid.pool.PreparedStatementPool.closeRemovedStatement(PreparedStatementPool.java:160) PreparedStatementPool.java DEBUG {conn-10001, pstmt-20000} exit cache
2019-09-09 11:51:57 com.alibaba.druid.pool.DruidDataSource.close(DruidDataSource.java:1955) DruidDataSource.java INFO {dataSource-1} closed
2019-09-09 11:55:39 com.alibaba.druid.pool.DruidDataSource.init(DruidDataSource.java:1002) DruidDataSource.java INFO {dataSource-1} inited
2019-09-09 11:55:40 com.alibaba.druid.pool.PreparedStatementPool.put(PreparedStatementPool.java:129) PreparedStatementPool.java DEBUG {conn-10001, pstmt-20000} enter cache
2019-09-09 11:55:40 com.alibaba.druid.pool.DruidDataSource.close(DruidDataSource.java:1885) DruidDataSource.java INFO {dataSource-1} closing ...
2019-09-09 11:55:40 com.alibaba.druid.pool.PreparedStatementPool.closeRemovedStatement(PreparedStatementPool.java:160) PreparedStatementPool.java DEBUG {conn-10001, pstmt-20000} exit cache
2019-09-09 11:55:40 com.alibaba.druid.pool.DruidDataSource.close(DruidDataSource.java:1955) DruidDataSource.java INFO {dataSource-1} closed
